#
# A fatal error has been detected by the Java Runtime Environment:
#
#  EXCEPTION_ACCESS_VIOLATION (0xc0000005) at pc=0x00007ffdf568a631, pid=11848, tid=13004
#
# JRE version: OpenJDK Runtime Environment (16.0.1+9) (build 16.0.1+9-24)
# Java VM: OpenJDK 64-Bit Server VM (16.0.1+9-24, mixed mode, tiered, compressed oops, compressed class ptrs, g1 gc, windows-amd64)
# Problematic frame:
# V  [jvm.dll+0x23a631]
#
# No core dump will be written. Minidumps are not enabled by default on client versions of Windows
#
# If you would like to submit a bug report, please visit:
#   https://bugreport.java.com/bugreport/crash.jsp
#

---------------  S U M M A R Y ------------

Command Line: -XX:+ShowCodeDetailsInExceptionMessages -agentlib:jdwp=transport=dt_socket,suspend=y,address=localhost:63551 -javaagent:C:\Users\micul\eclipse\jee-2021-06\eclipse\configuration\org.eclipse.osgi\415\0\.cp\lib\javaagent-shaded.jar -Dfile.encoding=UTF-8 catInfo.Test

Host: Intel(R) Core(TM) i5-1035G7 CPU @ 1.20GHz, 8 cores, 7G,  Windows 10 , 64 bit Build 19041 (10.0.19041.1023)
Time: Mon Aug  2 12:28:22 2021  Windows 10 , 64 bit Build 19041 (10.0.19041.1023) elapsed time: 5252.889116 seconds (0d 1h 27m 32s)

---------------  T H R E A D  ---------------

Current thread (0x00000211ab35d950):  VMThread "VM Thread" [stack: 0x0000006f92900000,0x0000006f92a00000] [id=13004]

Stack: [0x0000006f92900000,0x0000006f92a00000],  sp=0x0000006f929fe560,  free space=1017k
Native frames: (J=compiled Java code, j=interpreted, Vv=VM code, C=native code)
V  [jvm.dll+0x23a631]
V  [jvm.dll+0x32d534]
V  [jvm.dll+0x32f6a5]
V  [jvm.dll+0x32fd1e]
V  [jvm.dll+0x32d39f]
V  [jvm.dll+0x32c627]
V  [jvm.dll+0x6572ce]
V  [jvm.dll+0x656fd3]
V  [jvm.dll+0x61c848]
V  [jvm.dll+0x7c1e55]
V  [jvm.dll+0x520b76]
V  [jvm.dll+0x7d05eb]
V  [jvm.dll+0x7d12e4]
V  [jvm.dll+0x7d17e9]
V  [jvm.dll+0x7d1aa4]
V  [jvm.dll+0x7d1b70]
V  [jvm.dll+0x779b4a]
V  [jvm.dll+0x667666]
C  [ucrtbase.dll+0x21bb2]
C  [KERNEL32.DLL+0x17034]
C  [ntdll.dll+0x52651]


siginfo: EXCEPTION_ACCESS_VIOLATION (0xc0000005), reading address 0x00000211acc8d5ba


Register to memory mapping:

RIP=0x00007ffdf568a631 jvm.dll
RAX=0x000000000000ab20 is an unknown value
RBX=0x00000211acc37c70 is pointing into metadata
RCX=0x00000211acc3a2b8 is pointing into metadata
RDX=0x000000000000ab20 is an unknown value
RSP=0x0000006f929fe560 points into unknown readable memory: 0x0000006f929fe5e8 | e8 e5 9f 92 6f 00 00 00
RBP=0x0000006f929fe690 points into unknown readable memory: 0xffffffffffffffff | ff ff ff ff ff ff ff ff
RSI=0x0 is NULL
RDI=0x0000006f929feca0 points into unknown readable memory: 0x00007ffdf5d821f8 | f8 21 d8 f5 fd 7f 00 00
R8 =0x0 is NULL
R9 =0x00000211acc37c70 is pointing into metadata
R10=0x0000006f929feca0 points into unknown readable memory: 0x00007ffdf5d821f8 | f8 21 d8 f5 fd 7f 00 00
R11=0x00000211abe1c390 points into unknown readable memory: 0x4600000047000000 | 00 00 00 47 00 00 00 46
R12=0x00007ffdf5450000 jvm.dll
R13=0x00000211abe1c360 points into unknown readable memory: 0x000000008bb51300 | 00 13 b5 8b 00 00 00 00
R14=0x00000211acc3a21b is pointing into metadata
R15=0x0000000000000022 is an unknown value


Registers:
RAX=0x000000000000ab20, RBX=0x00000211acc37c70, RCX=0x00000211acc3a2b8, RDX=0x000000000000ab20
RSP=0x0000006f929fe560, RBP=0x0000006f929fe690, RSI=0x0000000000000000, RDI=0x0000006f929feca0
R8 =0x0000000000000000, R9 =0x00000211acc37c70, R10=0x0000006f929feca0, R11=0x00000211abe1c390
R12=0x00007ffdf5450000, R13=0x00000211abe1c360, R14=0x00000211acc3a21b, R15=0x0000000000000022
RIP=0x00007ffdf568a631, EFLAGS=0x0000000000010206

Top of Stack: (sp=0x0000006f929fe560)
0x0000006f929fe560:   0000006f929fe5e8 0000000000000000
0x0000006f929fe570:   00000211ab2022f0 0000000000000000
0x0000006f929fe580:   0000006f929feb10 00007ffdf577d534
0x0000006f929fe590:   0000000000000000 0000000000000000
0x0000006f929fe5a0:   0000000000000000 0000000000000000
0x0000006f929fe5b0:   0000000000000000 0000000000000000
0x0000006f929fe5c0:   00000211ab208480 00007ffd0000000e
0x0000006f929fe5d0:   0000000000000000 0000006f929fe630
0x0000006f929fe5e0:   0000000000000001 00000211ab208480
0x0000006f929fe5f0:   0000000300000002 0000000000000003
0x0000006f929fe600:   000000030000000e 00000211ab2022f0
0x0000006f929fe610:   0000000000000000 0000000000000000
0x0000006f929fe620:   0000006f929fed70 00007ffdf5b355b2
0x0000006f929fe630:   000000004fffffff 00007ffdf5b360c0
0x0000006f929fe640:   0000000000000000 0000000000000000
0x0000006f929fe650:   0000006f929feca0 00007ffdf577d825 

Instructions: (pc=0x00007ffdf568a631)
0x00007ffdf568a531:   40 84 f6 75 18 48 8b 4f 10 48 85 c9 74 0f 48 8d
0x00007ffdf568a541:   43 01 48 c1 e0 05 48 8b 04 08 0f b7 d8 48 8b 74
0x00007ffdf568a551:   24 38 48 63 c3 48 8b 5c 24 30 0f b7 44 c7 48 48
0x00007ffdf568a561:   83 c4 20 5f c3 cc cc cc cc cc cc cc cc cc cc 4c
0x00007ffdf568a571:   8b c9 45 84 c0 75 41 48 8b 49 10 48 85 c9 74 38
0x00007ffdf568a581:   85 d2 79 19 f7 d2 8b c2 48 ff c0 48 c1 e0 05 48
0x00007ffdf568a591:   8b 04 08 0f b7 c8 41 0f b7 44 c9 4a c3 48 63 c2
0x00007ffdf568a5a1:   48 ff c0 48 c1 e0 05 48 8b 04 08 0f b7 d0 48 63
0x00007ffdf568a5b1:   c2 41 0f b7 44 c1 4a c3 49 8b 41 08 4c 63 c2 42
0x00007ffdf568a5c1:   0f b6 44 00 04 8d 48 ef 80 f9 01 76 0e 3c 6a 74
0x00007ffdf568a5d1:   0a 48 63 c2 41 0f b7 44 c1 4a c3 43 0f b7 44 c1
0x00007ffdf568a5e1:   4a c3 cc cc cc cc cc cc cc cc cc cc cc cc cc 40
0x00007ffdf568a5f1:   53 48 83 ec 20 48 8b d9 e8 72 ff ff ff 48 63 d0
0x00007ffdf568a601:   0f b7 44 d3 48 48 8b 44 c3 48 48 83 c4 20 5b c3
0x00007ffdf568a611:   cc cc cc cc cc cc cc cc cc cc cc cc cc cc cc 40
0x00007ffdf568a621:   53 48 83 ec 20 48 8b d9 e8 42 ff ff ff 48 63 d0
0x00007ffdf568a631:   0f b7 44 d3 4a 48 8b 44 c3 48 48 83 c4 20 5b c3
0x00007ffdf568a641:   cc cc cc cc cc cc cc cc cc cc cc cc cc cc cc 4c
0x00007ffdf568a651:   8b d1 45 84 c9 75 28 4c 8b 49 10 4d 85 c9 74 1f
0x00007ffdf568a661:   45 85 c0 79 08 41 f7 d0 41 8b c0 eb 03 49 63 c0
0x00007ffdf568a671:   48 ff c0 48 c1 e0 05 4a 8b 04 08 44 0f b7 c0 49
0x00007ffdf568a681:   8b 42 08 49 63 c8 0f b6 4c 08 04 48 8b c2 88 0a
0x00007ffdf568a691:   c3 cc cc cc cc cc cc cc cc cc cc cc cc cc cc 40
0x00007ffdf568a6a1:   56 57 41 54 41 56 41 57 48 83 ec 20 45 8b 30 49
0x00007ffdf568a6b1:   8b f0 49 63 f9 4c 8b e2 4c 8b f9 45 85 f6 0f 8e
0x00007ffdf568a6c1:   20 01 00 00 48 89 5c 24 50 33 db 48 89 6c 24 58
0x00007ffdf568a6d1:   48 8b 6c 24 70 45 85 c9 7e 77 8d 47 ff 44 8b cb
0x00007ffdf568a6e1:   85 c0 44 8d 43 03 49 8b cc 44 0f 4f c8 49 63 c1
0x00007ffdf568a6f1:   4c 8b cd 48 8d 04 45 0f 00 00 00 48 c1 e8 03 48
0x00007ffdf568a701:   63 d0 e8 b8 45 3d 00 48 8b d0 48 85 c0 74 04 89
0x00007ffdf568a711:   38 eb 03 48 8b d3 48 39 5d 08 0f 85 ba 00 00 00
0x00007ffdf568a721:   85 ff 74 25 4c 8b c3 4c 8d 4a 04 0f 1f 40 00 48 


Stack slot to memory mapping:
stack at sp + 0 slots: 0x0000006f929fe5e8 points into unknown readable memory: 0x00000211ab208480 | 80 84 20 ab 11 02 00 00
stack at sp + 1 slots: 0x0 is NULL
stack at sp + 2 slots: 0x00000211ab2022f0 points into unknown readable memory: 0x616a00106e30ffff | ff ff 30 6e 10 00 6a 61
stack at sp + 3 slots: 0x0 is NULL
stack at sp + 4 slots: 0x0000006f929feb10 points into unknown readable memory: 0x00000211acc3a258 | 58 a2 c3 ac 11 02 00 00
stack at sp + 5 slots: 0x00007ffdf577d534 jvm.dll
stack at sp + 6 slots: 0x0 is NULL
stack at sp + 7 slots: 0x0 is NULL

VM_Operation (0x0000006f934ff540): get/set locals, mode: safepoint, requested by thread 0x00000211abec7ec0


---------------  P R O C E S S  ---------------

Threads class SMR info:
_java_thread_list=0x00000211ac3c2a80, length=15, elements={
0x000002119168ac20, 0x00000211ab361ff0, 0x00000211ab3629f0, 0x00000211abc39c80,
0x00000211abc6a010, 0x00000211abc6a920, 0x00000211abc70b40, 0x00000211abc79840,
0x00000211abc7a330, 0x00000211abc869c0, 0x00000211abe16250, 0x00000211abec7ec0,
0x00000211abf6f7d0, 0x00000211abf72d30, 0x00000211ac3e4ab0
}

Java Threads: ( => current thread )
  0x000002119168ac20 JavaThread "main" [_thread_blocked, id=1284, stack(0x0000006f92300000,0x0000006f92400000)]
  0x00000211ab361ff0 JavaThread "Reference Handler" daemon [_thread_blocked, id=1344, stack(0x0000006f92a00000,0x0000006f92b00000)]
  0x00000211ab3629f0 JavaThread "Finalizer" daemon [_thread_blocked, id=9492, stack(0x0000006f92b00000,0x0000006f92c00000)]
  0x00000211abc39c80 JavaThread "Signal Dispatcher" daemon [_thread_blocked, id=15728, stack(0x0000006f92c00000,0x0000006f92d00000)]
  0x00000211abc6a010 JavaThread "Attach Listener" daemon [_thread_blocked, id=6272, stack(0x0000006f92d00000,0x0000006f92e00000)]
  0x00000211abc6a920 JavaThread "Service Thread" daemon [_thread_blocked, id=11640, stack(0x0000006f92e00000,0x0000006f92f00000)]
  0x00000211abc70b40 JavaThread "Monitor Deflation Thread" daemon [_thread_blocked, id=13756, stack(0x0000006f92f00000,0x0000006f93000000)]
  0x00000211abc79840 JavaThread "C2 CompilerThread0" daemon [_thread_blocked, id=15260, stack(0x0000006f93000000,0x0000006f93100000)]
  0x00000211abc7a330 JavaThread "C1 CompilerThread0" daemon [_thread_blocked, id=7828, stack(0x0000006f93100000,0x0000006f93200000)]
  0x00000211abc869c0 JavaThread "Sweeper thread" daemon [_thread_blocked, id=9640, stack(0x0000006f93200000,0x0000006f93300000)]
  0x00000211abe16250 JavaThread "Common-Cleaner" daemon [_thread_blocked, id=12028, stack(0x0000006f93300000,0x0000006f93400000)]
  0x00000211abec7ec0 JavaThread "JDWP Transport Listener: dt_socket" daemon [_thread_blocked, id=11708, stack(0x0000006f93400000,0x0000006f93500000)]
  0x00000211abf6f7d0 JavaThread "JDWP Event Helper Thread" daemon [_thread_blocked, id=12340, stack(0x0000006f93500000,0x0000006f93600000)]
  0x00000211abf72d30 JavaThread "JDWP Command Reader" daemon [_thread_in_native, id=16144, stack(0x0000006f93600000,0x0000006f93700000)]
  0x00000211ac3e4ab0 JavaThread "Notification Thread" daemon [_thread_blocked, id=15732, stack(0x0000006f93800000,0x0000006f93900000)]

Other Threads:
=>0x00000211ab35d950 VMThread "VM Thread" [stack: 0x0000006f92900000,0x0000006f92a00000] [id=13004]
  0x00000211ac3e4fd0 WatcherThread [stack: 0x0000006f93900000,0x0000006f93a00000] [id=8348]
  0x00000211916c8710 GCTaskThread "GC Thread#0" [stack: 0x0000006f92400000,0x0000006f92500000] [id=9932]
  0x00000211916f7ce0 ConcurrentGCThread "G1 Main Marker" [stack: 0x0000006f92500000,0x0000006f92600000] [id=9944]
  0x00000211916f8750 ConcurrentGCThread "G1 Conc#0" [stack: 0x0000006f92600000,0x0000006f92700000] [id=15080]
  0x00000211ab1984e0 ConcurrentGCThread "G1 Refine#0" [stack: 0x0000006f92700000,0x0000006f92800000] [id=7864]
  0x000002119176ddb0 ConcurrentGCThread "G1 Service" [stack: 0x0000006f92800000,0x0000006f92900000] [id=10884]

Threads with active compile tasks:

VM state: at safepoint (normal execution)

VM Mutex/Monitor currently owned by a thread:  ([mutex/lock_event])
[0x0000021191685d50] Threads_lock - owner thread: 0x00000211ab35d950

Heap address: 0x0000000084200000, size: 1982 MB, Compressed Oops mode: 32-bit

CDS disabled.
Compressed class space mapped at: 0x0000000100000000-0x0000000140000000, reserved size: 1073741824
Narrow klass base: 0x0000000000000000, Narrow klass shift: 3, Narrow klass range: 0x140000000

GC Precious Log:
 CPUs: 8 total, 8 available
 Memory: 7926M
 Large Page Support: Disabled
 NUMA Support: Disabled
 Compressed Oops: Enabled (32-bit)
 Heap Region Size: 1M
 Heap Min Capacity: 8M
 Heap Initial Capacity: 124M
 Heap Max Capacity: 1982M
 Pre-touch: Disabled
 Parallel Workers: 8
 Concurrent Workers: 2
 Concurrent Refinement Workers: 8
 Periodic GC: Disabled

Heap:
 garbage-first heap   total 126976K, used 5120K [0x0000000084200000, 0x0000000100000000)
  region size 1024K, 6 young (6144K), 0 survivors (0K)
 Metaspace       used 9252K, committed 9408K, reserved 1064960K
  class space    used 789K, committed 832K, reserved 1048576K

Heap Regions: E=young(eden), S=young(survivor), O=old, HS=humongous(starts), HC=humongous(continues), CS=collection set, F=free, OA=open archive, CA=closed archive, TAMS=top-at-mark-start (previous, next)
|   0|0x0000000084200000, 0x0000000084200000, 0x0000000084300000|  0%| F|  |TAMS 0x0000000084200000, 0x0000000084200000| Untracked 
|   1|0x0000000084300000, 0x0000000084300000, 0x0000000084400000|  0%| F|  |TAMS 0x0000000084300000, 0x0000000084300000| Untracked 
|   2|0x0000000084400000, 0x0000000084400000, 0x0000000084500000|  0%| F|  |TAMS 0x0000000084400000, 0x0000000084400000| Untracked 
|   3|0x0000000084500000, 0x0000000084500000, 0x0000000084600000|  0%| F|  |TAMS 0x0000000084500000, 0x0000000084500000| Untracked 
|   4|0x0000000084600000, 0x0000000084600000, 0x0000000084700000|  0%| F|  |TAMS 0x0000000084600000, 0x0000000084600000| Untracked 
|   5|0x0000000084700000, 0x0000000084700000, 0x0000000084800000|  0%| F|  |TAMS 0x0000000084700000, 0x0000000084700000| Untracked 
|   6|0x0000000084800000, 0x0000000084800000, 0x0000000084900000|  0%| F|  |TAMS 0x0000000084800000, 0x0000000084800000| Untracked 
|   7|0x0000000084900000, 0x0000000084900000, 0x0000000084a00000|  0%| F|  |TAMS 0x0000000084900000, 0x0000000084900000| Untracked 
|   8|0x0000000084a00000, 0x0000000084a00000, 0x0000000084b00000|  0%| F|  |TAMS 0x0000000084a00000, 0x0000000084a00000| Untracked 
|   9|0x0000000084b00000, 0x0000000084b00000, 0x0000000084c00000|  0%| F|  |TAMS 0x0000000084b00000, 0x0000000084b00000| Untracked 
|  10|0x0000000084c00000, 0x0000000084c00000, 0x0000000084d00000|  0%| F|  |TAMS 0x0000000084c00000, 0x0000000084c00000| Untracked 
|  11|0x0000000084d00000, 0x0000000084d00000, 0x0000000084e00000|  0%| F|  |TAMS 0x0000000084d00000, 0x0000000084d00000| Untracked 
|  12|0x0000000084e00000, 0x0000000084e00000, 0x0000000084f00000|  0%| F|  |TAMS 0x0000000084e00000, 0x0000000084e00000| Untracked 
|  13|0x0000000084f00000, 0x0000000084f00000, 0x0000000085000000|  0%| F|  |TAMS 0x0000000084f00000, 0x0000000084f00000| Untracked 
|  14|0x0000000085000000, 0x0000000085000000, 0x0000000085100000|  0%| F|  |TAMS 0x0000000085000000, 0x0000000085000000| Untracked 
|  15|0x0000000085100000, 0x0000000085100000, 0x0000000085200000|  0%| F|  |TAMS 0x0000000085100000, 0x0000000085100000| Untracked 
|  16|0x0000000085200000, 0x0000000085200000, 0x0000000085300000|  0%| F|  |TAMS 0x0000000085200000, 0x0000000085200000| Untracked 
|  17|0x0000000085300000, 0x0000000085300000, 0x0000000085400000|  0%| F|  |TAMS 0x0000000085300000, 0x0000000085300000| Untracked 
|  18|0x0000000085400000, 0x0000000085400000, 0x0000000085500000|  0%| F|  |TAMS 0x0000000085400000, 0x0000000085400000| Untracked 
|  19|0x0000000085500000, 0x0000000085500000, 0x0000000085600000|  0%| F|  |TAMS 0x0000000085500000, 0x0000000085500000| Untracked 
|  20|0x0000000085600000, 0x0000000085600000, 0x0000000085700000|  0%| F|  |TAMS 0x0000000085600000, 0x0000000085600000| Untracked 
|  21|0x0000000085700000, 0x0000000085700000, 0x0000000085800000|  0%| F|  |TAMS 0x0000000085700000, 0x0000000085700000| Untracked 
|  22|0x0000000085800000, 0x0000000085800000, 0x0000000085900000|  0%| F|  |TAMS 0x0000000085800000, 0x0000000085800000| Untracked 
|  23|0x0000000085900000, 0x0000000085900000, 0x0000000085a00000|  0%| F|  |TAMS 0x0000000085900000, 0x0000000085900000| Untracked 
|  24|0x0000000085a00000, 0x0000000085a00000, 0x0000000085b00000|  0%| F|  |TAMS 0x0000000085a00000, 0x0000000085a00000| Untracked 
|  25|0x0000000085b00000, 0x0000000085b00000, 0x0000000085c00000|  0%| F|  |TAMS 0x0000000085b00000, 0x0000000085b00000| Untracked 
|  26|0x0000000085c00000, 0x0000000085c00000, 0x0000000085d00000|  0%| F|  |TAMS 0x0000000085c00000, 0x0000000085c00000| Untracked 
|  27|0x0000000085d00000, 0x0000000085d00000, 0x0000000085e00000|  0%| F|  |TAMS 0x0000000085d00000, 0x0000000085d00000| Untracked 
|  28|0x0000000085e00000, 0x0000000085e00000, 0x0000000085f00000|  0%| F|  |TAMS 0x0000000085e00000, 0x0000000085e00000| Untracked 
|  29|0x0000000085f00000, 0x0000000085f00000, 0x0000000086000000|  0%| F|  |TAMS 0x0000000085f00000, 0x0000000085f00000| Untracked 
|  30|0x0000000086000000, 0x0000000086000000, 0x0000000086100000|  0%| F|  |TAMS 0x0000000086000000, 0x0000000086000000| Untracked 
|  31|0x0000000086100000, 0x0000000086100000, 0x0000000086200000|  0%| F|  |TAMS 0x0000000086100000, 0x0000000086100000| Untracked 
|  32|0x0000000086200000, 0x0000000086200000, 0x0000000086300000|  0%| F|  |TAMS 0x0000000086200000, 0x0000000086200000| Untracked 
|  33|0x0000000086300000, 0x0000000086300000, 0x0000000086400000|  0%| F|  |TAMS 0x0000000086300000, 0x0000000086300000| Untracked 
|  34|0x0000000086400000, 0x0000000086400000, 0x0000000086500000|  0%| F|  |TAMS 0x0000000086400000, 0x0000000086400000| Untracked 
|  35|0x0000000086500000, 0x0000000086500000, 0x0000000086600000|  0%| F|  |TAMS 0x0000000086500000, 0x0000000086500000| Untracked 
|  36|0x0000000086600000, 0x0000000086600000, 0x0000000086700000|  0%| F|  |TAMS 0x0000000086600000, 0x0000000086600000| Untracked 
|  37|0x0000000086700000, 0x0000000086700000, 0x0000000086800000|  0%| F|  |TAMS 0x0000000086700000, 0x0000000086700000| Untracked 
|  38|0x0000000086800000, 0x0000000086800000, 0x0000000086900000|  0%| F|  |TAMS 0x0000000086800000, 0x0000000086800000| Untracked 
|  39|0x0000000086900000, 0x0000000086900000, 0x0000000086a00000|  0%| F|  |TAMS 0x0000000086900000, 0x0000000086900000| Untracked 
|  40|0x0000000086a00000, 0x0000000086a00000, 0x0000000086b00000|  0%| F|  |TAMS 0x0000000086a00000, 0x0000000086a00000| Untracked 
|  41|0x0000000086b00000, 0x0000000086b00000, 0x0000000086c00000|  0%| F|  |TAMS 0x0000000086b00000, 0x0000000086b00000| Untracked 
|  42|0x0000000086c00000, 0x0000000086c00000, 0x0000000086d00000|  0%| F|  |TAMS 0x0000000086c00000, 0x0000000086c00000| Untracked 
|  43|0x0000000086d00000, 0x0000000086d00000, 0x0000000086e00000|  0%| F|  |TAMS 0x0000000086d00000, 0x0000000086d00000| Untracked 
|  44|0x0000000086e00000, 0x0000000086e00000, 0x0000000086f00000|  0%| F|  |TAMS 0x0000000086e00000, 0x0000000086e00000| Untracked 
|  45|0x0000000086f00000, 0x0000000086f00000, 0x0000000087000000|  0%| F|  |TAMS 0x0000000086f00000, 0x0000000086f00000| Untracked 
|  46|0x0000000087000000, 0x0000000087000000, 0x0000000087100000|  0%| F|  |TAMS 0x0000000087000000, 0x0000000087000000| Untracked 
|  47|0x0000000087100000, 0x0000000087100000, 0x0000000087200000|  0%| F|  |TAMS 0x0000000087100000, 0x0000000087100000| Untracked 
|  48|0x0000000087200000, 0x0000000087200000, 0x0000000087300000|  0%| F|  |TAMS 0x0000000087200000, 0x0000000087200000| Untracked 
|  49|0x0000000087300000, 0x0000000087300000, 0x0000000087400000|  0%| F|  |TAMS 0x0000000087300000, 0x0000000087300000| Untracked 
|  50|0x0000000087400000, 0x0000000087400000, 0x0000000087500000|  0%| F|  |TAMS 0x0000000087400000, 0x0000000087400000| Untracked 
|  51|0x0000000087500000, 0x0000000087500000, 0x0000000087600000|  0%| F|  |TAMS 0x0000000087500000, 0x0000000087500000| Untracked 
|  52|0x0000000087600000, 0x0000000087600000, 0x0000000087700000|  0%| F|  |TAMS 0x0000000087600000, 0x0000000087600000| Untracked 
|  53|0x0000000087700000, 0x0000000087700000, 0x0000000087800000|  0%| F|  |TAMS 0x0000000087700000, 0x0000000087700000| Untracked 
|  54|0x0000000087800000, 0x0000000087800000, 0x0000000087900000|  0%| F|  |TAMS 0x0000000087800000, 0x0000000087800000| Untracked 
|  55|0x0000000087900000, 0x0000000087900000, 0x0000000087a00000|  0%| F|  |TAMS 0x0000000087900000, 0x0000000087900000| Untracked 
|  56|0x0000000087a00000, 0x0000000087a00000, 0x0000000087b00000|  0%| F|  |TAMS 0x0000000087a00000, 0x0000000087a00000| Untracked 
|  57|0x0000000087b00000, 0x0000000087b00000, 0x0000000087c00000|  0%| F|  |TAMS 0x0000000087b00000, 0x0000000087b00000| Untracked 
|  58|0x0000000087c00000, 0x0000000087c00000, 0x0000000087d00000|  0%| F|  |TAMS 0x0000000087c00000, 0x0000000087c00000| Untracked 
|  59|0x0000000087d00000, 0x0000000087d00000, 0x0000000087e00000|  0%| F|  |TAMS 0x0000000087d00000, 0x0000000087d00000| Untracked 
|  60|0x0000000087e00000, 0x0000000087e00000, 0x0000000087f00000|  0%| F|  |TAMS 0x0000000087e00000, 0x0000000087e00000| Untracked 
|  61|0x0000000087f00000, 0x0000000087f00000, 0x0000000088000000|  0%| F|  |TAMS 0x0000000087f00000, 0x0000000087f00000| Untracked 
|  62|0x0000000088000000, 0x0000000088000000, 0x0000000088100000|  0%| F|  |TAMS 0x0000000088000000, 0x0000000088000000| Untracked 
|  63|0x0000000088100000, 0x0000000088100000, 0x0000000088200000|  0%| F|  |TAMS 0x0000000088100000, 0x0000000088100000| Untracked 
|  64|0x0000000088200000, 0x0000000088200000, 0x0000000088300000|  0%| F|  |TAMS 0x0000000088200000, 0x0000000088200000| Untracked 
|  65|0x0000000088300000, 0x0000000088300000, 0x0000000088400000|  0%| F|  |TAMS 0x0000000088300000, 0x0000000088300000| Untracked 
|  66|0x0000000088400000, 0x0000000088400000, 0x0000000088500000|  0%| F|  |TAMS 0x0000000088400000, 0x0000000088400000| Untracked 
|  67|0x0000000088500000, 0x0000000088500000, 0x0000000088600000|  0%| F|  |TAMS 0x0000000088500000, 0x0000000088500000| Untracked 
|  68|0x0000000088600000, 0x0000000088600000, 0x0000000088700000|  0%| F|  |TAMS 0x0000000088600000, 0x0000000088600000| Untracked 
|  69|0x0000000088700000, 0x0000000088700000, 0x0000000088800000|  0%| F|  |TAMS 0x0000000088700000, 0x0000000088700000| Untracked 
|  70|0x0000000088800000, 0x0000000088800000, 0x0000000088900000|  0%| F|  |TAMS 0x0000000088800000, 0x0000000088800000| Untracked 
|  71|0x0000000088900000, 0x0000000088900000, 0x0000000088a00000|  0%| F|  |TAMS 0x0000000088900000, 0x0000000088900000| Untracked 
|  72|0x0000000088a00000, 0x0000000088a00000, 0x0000000088b00000|  0%| F|  |TAMS 0x0000000088a00000, 0x0000000088a00000| Untracked 
|  73|0x0000000088b00000, 0x0000000088b00000, 0x0000000088c00000|  0%| F|  |TAMS 0x0000000088b00000, 0x0000000088b00000| Untracked 
|  74|0x0000000088c00000, 0x0000000088c00000, 0x0000000088d00000|  0%| F|  |TAMS 0x0000000088c00000, 0x0000000088c00000| Untracked 
|  75|0x0000000088d00000, 0x0000000088d00000, 0x0000000088e00000|  0%| F|  |TAMS 0x0000000088d00000, 0x0000000088d00000| Untracked 
|  76|0x0000000088e00000, 0x0000000088e00000, 0x0000000088f00000|  0%| F|  |TAMS 0x0000000088e00000, 0x0000000088e00000| Untracked 
|  77|0x0000000088f00000, 0x0000000088f00000, 0x0000000089000000|  0%| F|  |TAMS 0x0000000088f00000, 0x0000000088f00000| Untracked 
|  78|0x0000000089000000, 0x0000000089000000, 0x0000000089100000|  0%| F|  |TAMS 0x0000000089000000, 0x0000000089000000| Untracked 
|  79|0x0000000089100000, 0x0000000089100000, 0x0000000089200000|  0%| F|  |TAMS 0x0000000089100000, 0x0000000089100000| Untracked 
|  80|0x0000000089200000, 0x0000000089200000, 0x0000000089300000|  0%| F|  |TAMS 0x0000000089200000, 0x0000000089200000| Untracked 
|  81|0x0000000089300000, 0x0000000089300000, 0x0000000089400000|  0%| F|  |TAMS 0x0000000089300000, 0x0000000089300000| Untracked 
|  82|0x0000000089400000, 0x0000000089400000, 0x0000000089500000|  0%| F|  |TAMS 0x0000000089400000, 0x0000000089400000| Untracked 
|  83|0x0000000089500000, 0x0000000089500000, 0x0000000089600000|  0%| F|  |TAMS 0x0000000089500000, 0x0000000089500000| Untracked 
|  84|0x0000000089600000, 0x0000000089600000, 0x0000000089700000|  0%| F|  |TAMS 0x0000000089600000, 0x0000000089600000| Untracked 
|  85|0x0000000089700000, 0x0000000089700000, 0x0000000089800000|  0%| F|  |TAMS 0x0000000089700000, 0x0000000089700000| Untracked 
|  86|0x0000000089800000, 0x0000000089800000, 0x0000000089900000|  0%| F|  |TAMS 0x0000000089800000, 0x0000000089800000| Untracked 
|  87|0x0000000089900000, 0x0000000089900000, 0x0000000089a00000|  0%| F|  |TAMS 0x0000000089900000, 0x0000000089900000| Untracked 
|  88|0x0000000089a00000, 0x0000000089a00000, 0x0000000089b00000|  0%| F|  |TAMS 0x0000000089a00000, 0x0000000089a00000| Untracked 
|  89|0x0000000089b00000, 0x0000000089b00000, 0x0000000089c00000|  0%| F|  |TAMS 0x0000000089b00000, 0x0000000089b00000| Untracked 
|  90|0x0000000089c00000, 0x0000000089c00000, 0x0000000089d00000|  0%| F|  |TAMS 0x0000000089c00000, 0x0000000089c00000| Untracked 
|  91|0x0000000089d00000, 0x0000000089d00000, 0x0000000089e00000|  0%| F|  |TAMS 0x0000000089d00000, 0x0000000089d00000| Untracked 
|  92|0x0000000089e00000, 0x0000000089e00000, 0x0000000089f00000|  0%| F|  |TAMS 0x0000000089e00000, 0x0000000089e00000| Untracked 
|  93|0x0000000089f00000, 0x0000000089f00000, 0x000000008a000000|  0%| F|  |TAMS 0x0000000089f00000, 0x0000000089f00000| Untracked 
|  94|0x000000008a000000, 0x000000008a000000, 0x000000008a100000|  0%| F|  |TAMS 0x000000008a000000, 0x000000008a000000| Untracked 
|  95|0x000000008a100000, 0x000000008a100000, 0x000000008a200000|  0%| F|  |TAMS 0x000000008a100000, 0x000000008a100000| Untracked 
|  96|0x000000008a200000, 0x000000008a200000, 0x000000008a300000|  0%| F|  |TAMS 0x000000008a200000, 0x000000008a200000| Untracked 
|  97|0x000000008a300000, 0x000000008a300000, 0x000000008a400000|  0%| F|  |TAMS 0x000000008a300000, 0x000000008a300000| Untracked 
|  98|0x000000008a400000, 0x000000008a400000, 0x000000008a500000|  0%| F|  |TAMS 0x000000008a400000, 0x000000008a400000| Untracked 
|  99|0x000000008a500000, 0x000000008a500000, 0x000000008a600000|  0%| F|  |TAMS 0x000000008a500000, 0x000000008a500000| Untracked 
| 100|0x000000008a600000, 0x000000008a600000, 0x000000008a700000|  0%| F|  |TAMS 0x000000008a600000, 0x000000008a600000| Untracked 
| 101|0x000000008a700000, 0x000000008a700000, 0x000000008a800000|  0%| F|  |TAMS 0x000000008a700000, 0x000000008a700000| Untracked 
| 102|0x000000008a800000, 0x000000008a800000, 0x000000008a900000|  0%| F|  |TAMS 0x000000008a800000, 0x000000008a800000| Untracked 
| 103|0x000000008a900000, 0x000000008a900000, 0x000000008aa00000|  0%| F|  |TAMS 0x000000008a900000, 0x000000008a900000| Untracked 
| 104|0x000000008aa00000, 0x000000008aa00000, 0x000000008ab00000|  0%| F|  |TAMS 0x000000008aa00000, 0x000000008aa00000| Untracked 
| 105|0x000000008ab00000, 0x000000008ab00000, 0x000000008ac00000|  0%| F|  |TAMS 0x000000008ab00000, 0x000000008ab00000| Untracked 
| 106|0x000000008ac00000, 0x000000008ac00000, 0x000000008ad00000|  0%| F|  |TAMS 0x000000008ac00000, 0x000000008ac00000| Untracked 
| 107|0x000000008ad00000, 0x000000008ad00000, 0x000000008ae00000|  0%| F|  |TAMS 0x000000008ad00000, 0x000000008ad00000| Untracked 
| 108|0x000000008ae00000, 0x000000008ae00000, 0x000000008af00000|  0%| F|  |TAMS 0x000000008ae00000, 0x000000008ae00000| Untracked 
| 109|0x000000008af00000, 0x000000008af00000, 0x000000008b000000|  0%| F|  |TAMS 0x000000008af00000, 0x000000008af00000| Untracked 
| 110|0x000000008b000000, 0x000000008b000000, 0x000000008b100000|  0%| F|  |TAMS 0x000000008b000000, 0x000000008b000000| Untracked 
| 111|0x000000008b100000, 0x000000008b100000, 0x000000008b200000|  0%| F|  |TAMS 0x000000008b100000, 0x000000008b100000| Untracked 
| 112|0x000000008b200000, 0x000000008b200000, 0x000000008b300000|  0%| F|  |TAMS 0x000000008b200000, 0x000000008b200000| Untracked 
| 113|0x000000008b300000, 0x000000008b300000, 0x000000008b400000|  0%| F|  |TAMS 0x000000008b300000, 0x000000008b300000| Untracked 
| 114|0x000000008b400000, 0x000000008b400000, 0x000000008b500000|  0%| F|  |TAMS 0x000000008b400000, 0x000000008b400000| Untracked 
| 115|0x000000008b500000, 0x000000008b500000, 0x000000008b600000|  0%| F|  |TAMS 0x000000008b500000, 0x000000008b500000| Untracked 
| 116|0x000000008b600000, 0x000000008b600000, 0x000000008b700000|  0%| F|  |TAMS 0x000000008b600000, 0x000000008b600000| Untracked 
| 117|0x000000008b700000, 0x000000008b700000, 0x000000008b800000|  0%| F|  |TAMS 0x000000008b700000, 0x000000008b700000| Untracked 
| 118|0x000000008b800000, 0x000000008b8f7400, 0x000000008b900000| 96%| E|  |TAMS 0x000000008b800000, 0x000000008b800000| Complete 
| 119|0x000000008b900000, 0x000000008ba00000, 0x000000008ba00000|100%| E|CS|TAMS 0x000000008b900000, 0x000000008b900000| Complete 
| 120|0x000000008ba00000, 0x000000008bb00000, 0x000000008bb00000|100%| E|CS|TAMS 0x000000008ba00000, 0x000000008ba00000| Complete 
| 121|0x000000008bb00000, 0x000000008bc00000, 0x000000008bc00000|100%| E|CS|TAMS 0x000000008bb00000, 0x000000008bb00000| Complete 
| 122|0x000000008bc00000, 0x000000008bd00000, 0x000000008bd00000|100%| E|CS|TAMS 0x000000008bc00000, 0x000000008bc00000| Complete 
| 123|0x000000008bd00000, 0x000000008be00000, 0x000000008be00000|100%| E|CS|TAMS 0x000000008bd00000, 0x000000008bd00000| Complete 

Card table byte_map: [0x00000211a4310000,0x00000211a46f0000] _byte_map_base: 0x00000211a3eef000

Marking Bits (Prev, Next): (CMBitMap*) 0x00000211916cb1a0, (CMBitMap*) 0x00000211916cb1e0
 Prev Bits: [0x00000211a4ad0000, 0x00000211a69c8000)
 Next Bits: [0x00000211a69d0000, 0x00000211a88c8000)

Polling page: 0x000002118f610000

Metaspace:

Usage:
  Non-class:      8.27 MB used.
      Class:    789.25 KB used.
       Both:      9.04 MB used.

Virtual space:
  Non-class space:       16.00 MB reserved,       8.38 MB ( 52%) committed,  2 nodes.
      Class space:        1.00 GB reserved,     832.00 KB ( <1%) committed,  1 nodes.
              Both:        1.02 GB reserved,       9.19 MB ( <1%) committed. 

Chunk freelists:
   Non-Class:  2.72 MB
       Class:  3.23 MB
        Both:  5.94 MB

MaxMetaspaceSize: 17179869184.00 GB
CompressedClassSpaceSize: 1.00 GB
 - commit_granule_bytes: 65536.
 - commit_granule_words: 8192.
 - virtual_space_node_default_size: 1048576.
 - enlarge_chunks_in_place: 1.
 - new_chunks_are_fully_committed: 0.
 - uncommit_free_chunks: 1.
 - use_allocation_guard: 0.
 - handle_deallocations: 1.


Internal statistics:

num_allocs_failed_limit: 0.
num_arena_births: 10.
num_arena_deaths: 0.
num_vsnodes_births: 3.
num_vsnodes_deaths: 0.
num_space_committed: 147.
num_space_uncommitted: 0.
num_chunks_returned_to_freelist: 0.
num_chunks_taken_from_freelist: 52.
num_chunk_merges: 0.
num_chunk_splits: 20.
num_chunks_enlarged: 13.
num_purges: 0.

CodeHeap 'non-profiled nmethods': size=120000Kb used=136Kb max_used=136Kb free=119863Kb
 bounds [0x000002119c6d0000, 0x000002119c940000, 0x00000211a3c00000]
CodeHeap 'profiled nmethods': size=120000Kb used=568Kb max_used=568Kb free=119431Kb
 bounds [0x00000211951a0000, 0x0000021195410000, 0x000002119c6d0000]
CodeHeap 'non-nmethods': size=5760Kb used=1211Kb max_used=1235Kb free=4548Kb
 bounds [0x0000021194c00000, 0x0000021194e70000, 0x00000211951a0000]
 total_blobs=822 nmethods=415 adapters=320
 compilation: enabled
              stopped_count=0, restarted_count=0
 full_count=0

Compilation events (20 events):
Event: 2812.705 Thread 0x00000211abc7a330 nmethod 412 0x000002119522c990 code [0x000002119522cb80, 0x000002119522cf28]
Event: 2812.705 Thread 0x00000211abc7a330  413       3       org.eclipse.jdt.launching.internal.org.objectweb.asm.ClassReader::readStringish (16 bytes)
Event: 2812.705 Thread 0x00000211abc7a330 nmethod 413 0x000002119522d110 code [0x000002119522d2e0, 0x000002119522d608]
Event: 2812.705 Thread 0x00000211abc79840 nmethod 411 0x000002119c6f1610 code [0x000002119c6f17a0, 0x000002119c6f1878]
Event: 3434.756 Thread 0x00000211abc79840  414       4       java.lang.AbstractStringBuilder::ensureCapacityInternal (39 bytes)
Event: 3434.758 Thread 0x00000211abc79840 nmethod 414 0x000002119c6f1990 code [0x000002119c6f1b20, 0x000002119c6f1f58]
Event: 3473.861 Thread 0x00000211abc7a330  415       3       org.eclipse.jdt.launching.internal.org.objectweb.asm.SymbolTable::addConstantMemberReference (29 bytes)
Event: 3473.863 Thread 0x00000211abc7a330 

Event: 3473.863 Thread 0x00000211abc7a330  416       3       org.eclipse.jdt.launching.internal.org.objectweb.asm.SymbolTable::hash (20 bytes)
Event: 3473.864 Thread 0x00000211abc7a330 nmethod 416 0x000002119522d790 code [0x000002119522d960, 0x000002119522db48]
Event: 3586.464 Thread 0x00000211abc7a330  417       3       org.eclipse.jdt.launching.internal.org.objectweb.asm.SymbolTable::addConstantNameAndType (28 bytes)
Event: 3586.464 Thread 0x00000211abc79840  419       4       java.lang.StringUTF16::compress (50 bytes)
Event: 3586.465 Thread 0x00000211abc7a330 

Event: 3586.465 Thread 0x00000211abc7a330  418       3       org.eclipse.jdt.launching.internal.org.objectweb.asm.SymbolTable::hash (15 bytes)
Event: 3586.466 Thread 0x00000211abc7a330 nmethod 418 0x000002119522dd10 code [0x000002119522dec0, 0x000002119522e058]
Event: 3586.473 Thread 0x00000211abc79840 

Event: 3833.112 Thread 0x00000211abc7a330  420       3       org.eclipse.jdt.launching.internal.org.objectweb.asm.ClassReader::readInt (52 bytes)
Event: 3833.114 Thread 0x00000211abc7a330 

Event: 4026.917 Thread 0x00000211abc79840  421       4       java.lang.StringUTF16::compress (50 bytes)
Event: 4026.926 Thread 0x00000211abc79840 


GC Heap History (0 events):
No events

Deoptimization events (16 events):
Event: 0.272 Thread 0x000002119168ac20 Uncommon trap: trap_request=0xffffff45 fr.pc=0x000002119c6dc754 relative=0x0000000000000ad4
Event: 0.272 Thread 0x000002119168ac20 Uncommon trap: reason=unstable_if action=reinterpret pc=0x000002119c6dc754 method=java.util.HashMap.putVal(ILjava/lang/Object;Ljava/lang/Object;ZZ)Ljava/lang/Object; @ 181 c2
Event: 0.272 Thread 0x000002119168ac20 DEOPT PACKING pc=0x000002119c6dc754 sp=0x0000006f923fe370
Event: 0.272 Thread 0x000002119168ac20 DEOPT UNPACKING pc=0x0000021194c4f92e sp=0x0000006f923fe330 mode 2
Event: 0.415 Thread 0x000002119168ac20 DEOPT PACKING pc=0x0000021195212bf0 sp=0x0000006f923f81e0
Event: 0.415 Thread 0x000002119168ac20 DEOPT UNPACKING pc=0x0000021194c4e77e sp=0x0000006f923f7648 mode 0
Event: 0.418 Thread 0x000002119168ac20 Uncommon trap: trap_request=0xffffff45 fr.pc=0x000002119c6d94e4 relative=0x0000000000000244
Event: 0.418 Thread 0x000002119168ac20 Uncommon trap: reason=unstable_if action=reinterpret pc=0x000002119c6d94e4 method=java.lang.String.isLatin1()Z @ 10 c2
Event: 0.418 Thread 0x000002119168ac20 DEOPT PACKING pc=0x000002119c6d94e4 sp=0x0000006f923fcc20
Event: 0.418 Thread 0x000002119168ac20 DEOPT UNPACKING pc=0x0000021194c4f92e sp=0x0000006f923fcb58 mode 2
Event: 0.424 Thread 0x000002119168ac20 DEOPT PACKING pc=0x0000021195212bf0 sp=0x0000006f923f7e50
Event: 0.424 Thread 0x000002119168ac20 DEOPT UNPACKING pc=0x0000021194c4e77e sp=0x0000006f923f72b8 mode 0
Event: 0.424 Thread 0x000002119168ac20 DEOPT PACKING pc=0x0000021195212bf0 sp=0x0000006f923f7e50
Event: 0.424 Thread 0x000002119168ac20 DEOPT UNPACKING pc=0x0000021194c4e77e sp=0x0000006f923f72b8 mode 0
Event: 0.425 Thread 0x000002119168ac20 DEOPT PACKING pc=0x0000021195212bf0 sp=0x0000006f923f7e50
Event: 0.425 Thread 0x000002119168ac20 DEOPT UNPACKING pc=0x0000021194c4e77e sp=0x0000006f923f72b8 mode 0

Classes unloaded (0 events):
No events

Classes redefined (9 events):
Event: 588.404 Thread 0x00000211ab35d950 redefined class name=catInfo.CatStudent, count=1
Event: 1195.535 Thread 0x00000211ab35d950 redefined class name=catInfo.Test, count=1
Event: 2600.369 Thread 0x00000211ab35d950 redefined class name=catInfo.Test, count=2
Event: 3473.862 Thread 0x00000211ab35d950 redefined class name=catInfo.Test, count=3
Event: 3586.464 Thread 0x00000211ab35d950 redefined class name=catInfo.Test, count=4
Event: 3833.113 Thread 0x00000211ab35d950 redefined class name=catInfo.Test, count=5
Event: 4026.918 Thread 0x00000211ab35d950 redefined class name=catInfo.Test, count=6
Event: 4041.968 Thread 0x00000211ab35d950 redefined class name=catInfo.Test, count=7
Event: 5248.206 Thread 0x00000211ab35d950 redefined class name=catInfo.Test, count=8

Internal exceptions (1 events):
Event: 0.376 Thread 0x000002119168ac20 Exception <a 'java/lang/NoSuchMethodError'{0x000000008b9e66e0}: 'java.lang.Object java.lang.invoke.DirectMethodHandle$Holder.invokeStatic(java.lang.Object)'> (0x000000008b9e66e0) 
thrown [t:\workspace\open\src\hotspot\share\interpreter\linkResolver.cpp, line 790]

Events (20 events):
Event: 3473.863 Executing  VM operation: RedefineClasses done
Event: 3473.872 Executing  VM operation: ChangeBreakpoints
Event: 3473.872 Executing  VM operation: ChangeBreakpoints done
Event: 3586.464 Executing  VM operation: RedefineClasses
Event: 3586.465 Executing  VM operation: RedefineClasses done
Event: 3586.472 Executing  VM operation: ChangeBreakpoints
Event: 3586.472 Executing  VM operation: ChangeBreakpoints done
Event: 3833.112 Executing  VM operation: RedefineClasses
Event: 3833.114 Executing  VM operation: RedefineClasses done
Event: 3833.121 Executing  VM operation: ChangeBreakpoints
Event: 3833.121 Executing  VM operation: ChangeBreakpoints done
Event: 4026.917 Executing  VM operation: RedefineClasses
Event: 4026.919 Executing  VM operation: RedefineClasses done
Event: 4041.968 Executing  VM operation: RedefineClasses
Event: 4041.970 Executing  VM operation: RedefineClasses done
Event: 5248.205 Executing  VM operation: RedefineClasses
Event: 5248.207 Executing  VM operation: RedefineClasses done
Event: 5248.212 Executing  VM operation: ChangeBreakpoints
Event: 5248.212 Executing  VM operation: ChangeBreakpoints done
Event: 5252.870 Executing  VM operation: get/set locals


Dynamic libraries:
0x00007ff6c01b0000 - 0x00007ff6c01be000 	C:\Users\micul\.p2\pool\plugins\org.eclipse.justj.openjdk.hotspot.jre.full.win32.x86_64_16.0.1.v20210528-1205\jre\bin\javaw.exe
0x00007ffe308d0000 - 0x00007ffe30ac5000 	C:\Windows\SYSTEM32\ntdll.dll
0x00007ffe2fe20000 - 0x00007ffe2fedd000 	C:\Windows\System32\KERNEL32.DLL
0x00007ffe2e2b0000 - 0x00007ffe2e579000 	C:\Windows\System32\KERNELBASE.dll
0x00007ffe2e7c0000 - 0x00007ffe2e8c0000 	C:\Windows\System32\ucrtbase.dll
0x00007ffe26b20000 - 0x00007ffe26b38000 	C:\Users\micul\.p2\pool\plugins\org.eclipse.justj.openjdk.hotspot.jre.full.win32.x86_64_16.0.1.v20210528-1205\jre\bin\jli.dll
0x00007ffe26810000 - 0x00007ffe26829000 	C:\Users\micul\.p2\pool\plugins\org.eclipse.justj.openjdk.hotspot.jre.full.win32.x86_64_16.0.1.v20210528-1205\jre\bin\VCRUNTIME140.dll
0x00007ffe2f160000 - 0x00007ffe2f300000 	C:\Windows\System32\USER32.dll
0x00007ffe2e280000 - 0x00007ffe2e2a2000 	C:\Windows\System32\win32u.dll
0x00007ffe11ba0000 - 0x00007ffe11e3a000 	C:\Windows\WinSxS\amd64_microsoft.windows.common-controls_6595b64144ccf1df_6.0.19041.1110_none_60b5254171f9507e\COMCTL32.dll
0x00007ffe2fce0000 - 0x00007ffe2fd0a000 	C:\Windows\System32\GDI32.dll
0x00007ffe300f0000 - 0x00007ffe3018e000 	C:\Windows\System32\msvcrt.dll
0x00007ffe2e170000 - 0x00007ffe2e27b000 	C:\Windows\System32\gdi32full.dll
0x00007ffe2e670000 - 0x00007ffe2e70d000 	C:\Windows\System32\msvcp_win.dll
0x00007ffe2fcb0000 - 0x00007ffe2fce0000 	C:\Windows\System32\IMM32.DLL
0x00007ffe26800000 - 0x00007ffe2680c000 	C:\Users\micul\.p2\pool\plugins\org.eclipse.justj.openjdk.hotspot.jre.full.win32.x86_64_16.0.1.v20210528-1205\jre\bin\vcruntime140_1.dll
0x00007ffe12480000 - 0x00007ffe12511000 	C:\Users\micul\.p2\pool\plugins\org.eclipse.justj.openjdk.hotspot.jre.full.win32.x86_64_16.0.1.v20210528-1205\jre\bin\msvcp140.dll
0x00007ffdf5450000 - 0x00007ffdf5ffb000 	C:\Users\micul\.p2\pool\plugins\org.eclipse.justj.openjdk.hotspot.jre.full.win32.x86_64_16.0.1.v20210528-1205\jre\bin\server\jvm.dll
0x00007ffe2f000000 - 0x00007ffe2f0ac000 	C:\Windows\System32\ADVAPI32.dll
0x00007ffe2f0c0000 - 0x00007ffe2f15b000 	C:\Windows\System32\sechost.dll
0x00007ffe30690000 - 0x00007ffe307ba000 	C:\Windows\System32\RPCRT4.dll
0x00007ffe2fca0000 - 0x00007ffe2fca8000 	C:\Windows\System32\PSAPI.DLL
0x00007ffe278c0000 - 0x00007ffe278ca000 	C:\Windows\SYSTEM32\VERSION.dll
0x00007ffe27d50000 - 0x00007ffe27d59000 	C:\Windows\SYSTEM32\WSOCK32.dll
0x00007ffe26710000 - 0x00007ffe26737000 	C:\Windows\SYSTEM32\WINMM.dll
0x00007ffe30600000 - 0x00007ffe3066b000 	C:\Windows\System32\WS2_32.dll
0x00007ffe2cb40000 - 0x00007ffe2cb52000 	C:\Windows\SYSTEM32\kernel.appcore.dll
0x00007ffe267f0000 - 0x00007ffe267fa000 	C:\Users\micul\.p2\pool\plugins\org.eclipse.justj.openjdk.hotspot.jre.full.win32.x86_64_16.0.1.v20210528-1205\jre\bin\jimage.dll
0x00007ffe2c490000 - 0x00007ffe2c674000 	C:\Windows\SYSTEM32\DBGHELP.DLL
0x00007ffe2c430000 - 0x00007ffe2c45c000 	C:\Windows\SYSTEM32\dbgcore.DLL
0x00007ffe2e5e0000 - 0x00007ffe2e663000 	C:\Windows\System32\bcryptPrimitives.dll
0x00007ffe12b10000 - 0x00007ffe12b4b000 	C:\Users\micul\.p2\pool\plugins\org.eclipse.justj.openjdk.hotspot.jre.full.win32.x86_64_16.0.1.v20210528-1205\jre\bin\jdwp.dll
0x00007ffe26b10000 - 0x00007ffe26b1e000 	C:\Users\micul\.p2\pool\plugins\org.eclipse.justj.openjdk.hotspot.jre.full.win32.x86_64_16.0.1.v20210528-1205\jre\bin\instrument.dll
0x00007ffe267c0000 - 0x00007ffe267e5000 	C:\Users\micul\.p2\pool\plugins\org.eclipse.justj.openjdk.hotspot.jre.full.win32.x86_64_16.0.1.v20210528-1205\jre\bin\java.dll
0x00007ffe267a0000 - 0x00007ffe267b8000 	C:\Users\micul\.p2\pool\plugins\org.eclipse.justj.openjdk.hotspot.jre.full.win32.x86_64_16.0.1.v20210528-1205\jre\bin\zip.dll
0x00007ffe2f560000 - 0x00007ffe2fc9f000 	C:\Windows\System32\SHELL32.dll
0x00007ffe2ba40000 - 0x00007ffe2c1d1000 	C:\Windows\SYSTEM32\windows.storage.dll
0x00007ffe301f0000 - 0x00007ffe30545000 	C:\Windows\System32\combase.dll
0x00007ffe2d9b0000 - 0x00007ffe2d9dc000 	C:\Windows\SYSTEM32\Wldp.dll
0x00007ffe30550000 - 0x00007ffe305fe000 	C:\Windows\System32\SHCORE.dll
0x00007ffe30190000 - 0x00007ffe301e5000 	C:\Windows\System32\shlwapi.dll
0x00007ffe2df50000 - 0x00007ffe2df6f000 	C:\Windows\SYSTEM32\profapi.dll
0x00007ffe26930000 - 0x00007ffe2693c000 	C:\Users\micul\.p2\pool\plugins\org.eclipse.justj.openjdk.hotspot.jre.full.win32.x86_64_16.0.1.v20210528-1205\jre\bin\dt_socket.dll
0x00007ffe2d400000 - 0x00007ffe2d43b000 	C:\Windows\SYSTEM32\IPHLPAPI.DLL
0x00007ffe2d710000 - 0x00007ffe2d77a000 	C:\Windows\system32\mswsock.dll
0x00007ffe2d440000 - 0x00007ffe2d50c000 	C:\Windows\SYSTEM32\DNSAPI.dll
0x00007ffe2f550000 - 0x00007ffe2f558000 	C:\Windows\System32\NSI.dll
0x00007ffe272a0000 - 0x00007ffe272aa000 	C:\Windows\System32\rasadhlp.dll
0x00007ffe25700000 - 0x00007ffe2577f000 	C:\Windows\System32\fwpuclnt.dll
0x00007ffe2e910000 - 0x00007ffe2e937000 	C:\Windows\System32\bcrypt.dll
0x00007ffe26780000 - 0x00007ffe26799000 	C:\Users\micul\.p2\pool\plugins\org.eclipse.justj.openjdk.hotspot.jre.full.win32.x86_64_16.0.1.v20210528-1205\jre\bin\net.dll
0x00007ffe2c1e0000 - 0x00007ffe2c2ea000 	C:\Windows\SYSTEM32\WINHTTP.dll
0x00007ffe25af0000 - 0x00007ffe25b03000 	C:\Users\micul\.p2\pool\plugins\org.eclipse.justj.openjdk.hotspot.jre.full.win32.x86_64_16.0.1.v20210528-1205\jre\bin\nio.dll
0x00007ffe26490000 - 0x00007ffe264a0000 	C:\Users\micul\.p2\pool\plugins\org.eclipse.justj.openjdk.hotspot.jre.full.win32.x86_64_16.0.1.v20210528-1205\jre\bin\verify.dll

dbghelp: loaded successfully - version: 4.0.5 - missing functions: none
symbol engine: initialized successfully - sym options: 0x614 - pdb path: .;C:\Users\micul\.p2\pool\plugins\org.eclipse.justj.openjdk.hotspot.jre.full.win32.x86_64_16.0.1.v20210528-1205\jre\bin;C:\Windows\SYSTEM32;C:\Windows\WinSxS\amd64_microsoft.windows.common-controls_6595b64144ccf1df_6.0.19041.1110_none_60b5254171f9507e;C:\Users\micul\.p2\pool\plugins\org.eclipse.justj.openjdk.hotspot.jre.full.win32.x86_64_16.0.1.v20210528-1205\jre\bin\server

VM Arguments:
jvm_args: -XX:+ShowCodeDetailsInExceptionMessages -agentlib:jdwp=transport=dt_socket,suspend=y,address=localhost:63551 -javaagent:C:\Users\micul\eclipse\jee-2021-06\eclipse\configuration\org.eclipse.osgi\415\0\.cp\lib\javaagent-shaded.jar -Dfile.encoding=UTF-8 
java_command: catInfo.Test
java_class_path (initial): C:\workspace\javaproject\bin
Launcher Type: SUN_STANDARD

[Global flags]
     intx CICompilerCount                          = 4                                         {product} {ergonomic}
     uint ConcGCThreads                            = 2                                         {product} {ergonomic}
     uint G1ConcRefinementThreads                  = 8                                         {product} {ergonomic}
   size_t G1HeapRegionSize                         = 1048576                                   {product} {ergonomic}
    uintx GCDrainStackTargetSize                   = 64                                        {product} {ergonomic}
   size_t InitialHeapSize                          = 130023424                                 {product} {ergonomic}
   size_t MarkStackSize                            = 4194304                                   {product} {ergonomic}
   size_t MaxHeapSize                              = 2078277632                                {product} {ergonomic}
   size_t MaxNewSize                               = 1246756864                                {product} {ergonomic}
   size_t MinHeapDeltaBytes                        = 1048576                                   {product} {ergonomic}
   size_t MinHeapSize                              = 8388608                                   {product} {ergonomic}
    uintx NonNMethodCodeHeapSize                   = 5839372                                {pd product} {ergonomic}
    uintx NonProfiledCodeHeapSize                  = 122909434                              {pd product} {ergonomic}
    uintx ProfiledCodeHeapSize                     = 122909434                              {pd product} {ergonomic}
    uintx ReservedCodeCacheSize                    = 251658240                              {pd product} {ergonomic}
     bool SegmentedCodeCache                       = true                                      {product} {ergonomic}
     bool ShowCodeDetailsInExceptionMessages       = true                                   {manageable} {command line}
   size_t SoftMaxHeapSize                          = 2078277632                             {manageable} {ergonomic}
     bool UseCompressedClassPointers               = true                           {product lp64_product} {ergonomic}
     bool UseCompressedOops                        = true                           {product lp64_product} {ergonomic}
     bool UseG1GC                                  = true                                      {product} {ergonomic}
     bool UseLargePagesIndividualAllocation        = false                                  {pd product} {ergonomic}

Logging:
Log output configuration:
 #0: stdout all=warning uptime,level,tags
 #1: stderr all=off uptime,level,tags

Environment Variables:
JAVA_HOME=C:\Program Files\Java\jdk-16.0.1\bin
PATH=C:\Users\micul\.p2\pool\plugins\org.eclipse.justj.openjdk.hotspot.jre.full.win32.x86_64_16.0.1.v20210528-1205\jre\bin;C:/Users/micul/.p2/pool/plugins/org.eclipse.justj.openjdk.hotspot.jre.full.win32.x86_64_16.0.1.v20210528-1205/jre/bin/server;C:/Users/micul/.p2/pool/plugins/org.eclipse.justj.openjdk.hotspot.jre.full.win32.x86_64_16.0.1.v20210528-1205/jre/bin;C:\Program Files\Common Files\Oracle\Java\javapath;C:\Windows\system32;C:\Windows;C:\Windows\System32\Wbem;C:\Windows\System32\WindowsPowerShell\v1.0\;C:\Windows\System32\OpenSSH\;C:\Users\micul\AppData\Local\Microsoft\WindowsApps;C:\Program Files\Bandizip\;C:\Program Files\Java\jdk-16.0.1\bin;;C:\Users\micul\Desktop;
USERNAME=micul
OS=Windows_NT
PROCESSOR_IDENTIFIER=Intel64 Family 6 Model 126 Stepping 5, GenuineIntel



---------------  S Y S T E M  ---------------

OS:
 Windows 10 , 64 bit Build 19041 (10.0.19041.1023)
OS uptime: 12 days 22:25 hours

CPU: total 8 (initial active 8) (4 cores per cpu, 2 threads per core) family 6 model 126 stepping 5 microcode 0xa0, cx8, cmov, fxsr, ht, mmx, 3dnowpref, sse, sse2, sse3, ssse3, sse4.1, sse4.2, popcnt, lzcnt, tsc, tscinvbit, avx, avx2, aes, erms, clmul, bmi1, bmi2, adx, avx512f, avx512dq, avx512cd, avx512bw, avx512vl, sha, fma, vzeroupper, avx512_vpopcntdq, avx512_vpclmulqdq, avx512_vaes, avx512_vnni, clflush, clflushopt, avx512_vmbi2, avx512_vmbi

Memory: 4k page, system-wide physical 7926M (3829M free)
TotalPageFile size 16118M (AvailPageFile size 8388M)
current process WorkingSet (physical memory assigned to process): 44M, peak: 47M
current process commit charge ("private bytes"): 205M, peak: 209M

vm_info: OpenJDK 64-Bit Server VM (16.0.1+9-24) for windows-amd64 JRE (16.0.1+9-24), built on Mar 26 2021 19:30:07 by "mach5one" with MS VC++ 16.7 (VS2019)

END.
